*design* DebussyLib (btIdent Verdi_O-2018.09-SP2)
Command arguments:
    +define+verilog
    -assert
    svaext
    +incdir+/home/hyouka/project/snitch/.bender/git/checkouts/common_cells-972044434126250f/include
    +incdir+/home/hyouka/project/snitch/.bender/git/checkouts/apb-fff2c1aa9fcf2539/include
    +incdir+/home/hyouka/project/snitch/.bender/git/checkouts/axi_stream-0676e821aabb04ed/include
    +incdir+/home/hyouka/project/snitch/.bender/git/checkouts/axi-748ea77f6eda1e7b/include
    +incdir+/home/hyouka/project/snitch/.bender/git/checkouts/obi-b673daa527717722/include
    +incdir+/home/hyouka/project/snitch/.bender/git/checkouts/register_interface-25e60bdb85519130/include
    +incdir+/home/hyouka/project/snitch/.bender/git/checkouts/idma-bca94d2c15732af8/src/include
    +incdir+/home/hyouka/project/snitch/.bender/git/checkouts/idma-bca94d2c15732af8/target/rtl/include
    +incdir+/home/hyouka/project/snitch/hw/reqrsp_interface/include
    +incdir+/home/hyouka/project/snitch/hw/mem_interface/include
    +incdir+/home/hyouka/project/snitch/hw/tcdm_interface/include
    +incdir+/home/hyouka/project/snitch/hw/snitch/include
    +incdir+/home/hyouka/project/snitch/hw/snitch_ssr/include
    -2012
    -sverilog
    -f /home/hyouka/project/snitch/filelist
        /home/hyouka/project/snitch/.bender/git/checkouts/common_verification-34173c1a42056248/src/clk_rst_gen.sv
        /home/hyouka/project/snitch/.bender/git/checkouts/common_verification-34173c1a42056248/src/rand_id_queue.sv
        /home/hyouka/project/snitch/.bender/git/checkouts/common_verification-34173c1a42056248/src/rand_stream_mst.sv
        /home/hyouka/project/snitch/.bender/git/checkouts/common_verification-34173c1a42056248/src/rand_synch_holdable_driver.sv
        /home/hyouka/project/snitch/.bender/git/checkouts/common_verification-34173c1a42056248/src/rand_verif_pkg.sv
        /home/hyouka/project/snitch/.bender/git/checkouts/common_verification-34173c1a42056248/src/signal_highlighter.sv
        /home/hyouka/project/snitch/.bender/git/checkouts/common_verification-34173c1a42056248/src/sim_timeout.sv
        /home/hyouka/project/snitch/.bender/git/checkouts/common_verification-34173c1a42056248/src/stream_watchdog.sv
        /home/hyouka/project/snitch/.bender/git/checkouts/common_verification-34173c1a42056248/src/rand_synch_driver.sv
        /home/hyouka/project/snitch/.bender/git/checkouts/common_verification-34173c1a42056248/src/rand_stream_slv.sv
        /home/hyouka/project/snitch/.bender/git/checkouts/common_verification-34173c1a42056248/test/tb_clk_rst_gen.sv
        /home/hyouka/project/snitch/.bender/git/checkouts/tech_cells_generic-f06a8e285ea4a145/src/rtl/tc_sram.sv
        /home/hyouka/project/snitch/.bender/git/checkouts/tech_cells_generic-f06a8e285ea4a145/src/rtl/tc_sram_impl.sv
        /home/hyouka/project/snitch/.bender/git/checkouts/tech_cells_generic-f06a8e285ea4a145/src/rtl/tc_clk.sv
        /home/hyouka/project/snitch/.bender/git/checkouts/tech_cells_generic-f06a8e285ea4a145/src/deprecated/cluster_pwr_cells.sv
        /home/hyouka/project/snitch/.bender/git/checkouts/tech_cells_generic-f06a8e285ea4a145/src/deprecated/generic_memory.sv
        /home/hyouka/project/snitch/.bender/git/checkouts/tech_cells_generic-f06a8e285ea4a145/src/deprecated/generic_rom.sv
        /home/hyouka/project/snitch/.bender/git/checkouts/tech_cells_generic-f06a8e285ea4a145/src/deprecated/pad_functional.sv
        /home/hyouka/project/snitch/.bender/git/checkouts/tech_cells_generic-f06a8e285ea4a145/src/deprecated/pulp_buffer.sv
        /home/hyouka/project/snitch/.bender/git/checkouts/tech_cells_generic-f06a8e285ea4a145/src/deprecated/pulp_pwr_cells.sv
        /home/hyouka/project/snitch/.bender/git/checkouts/tech_cells_generic-f06a8e285ea4a145/src/tc_pwr.sv
        /home/hyouka/project/snitch/.bender/git/checkouts/tech_cells_generic-f06a8e285ea4a145/test/tb_tc_sram.sv
        /home/hyouka/project/snitch/.bender/git/checkouts/tech_cells_generic-f06a8e285ea4a145/src/deprecated/pulp_clock_gating_async.sv
        /home/hyouka/project/snitch/.bender/git/checkouts/tech_cells_generic-f06a8e285ea4a145/src/deprecated/cluster_clk_cells.sv
        /home/hyouka/project/snitch/.bender/git/checkouts/tech_cells_generic-f06a8e285ea4a145/src/deprecated/pulp_clk_cells.sv
        /home/hyouka/project/snitch/.bender/git/checkouts/common_cells-972044434126250f/src/binary_to_gray.sv
        /home/hyouka/project/snitch/.bender/git/checkouts/common_cells-972044434126250f/src/cb_filter_pkg.sv
        /home/hyouka/project/snitch/.bender/git/checkouts/common_cells-972044434126250f/src/cc_onehot.sv
        /home/hyouka/project/snitch/.bender/git/checkouts/common_cells-972044434126250f/src/cdc_reset_ctrlr_pkg.sv
        /home/hyouka/project/snitch/.bender/git/checkouts/common_cells-972044434126250f/src/cf_math_pkg.sv
        /home/hyouka/project/snitch/.bender/git/checkouts/common_cells-972044434126250f/src/clk_int_div.sv
        /home/hyouka/project/snitch/.bender/git/checkouts/common_cells-972044434126250f/src/credit_counter.sv
        /home/hyouka/project/snitch/.bender/git/checkouts/common_cells-972044434126250f/src/delta_counter.sv
        /home/hyouka/project/snitch/.bender/git/checkouts/common_cells-972044434126250f/src/ecc_pkg.sv
        /home/hyouka/project/snitch/.bender/git/checkouts/common_cells-972044434126250f/src/edge_propagator_tx.sv
        /home/hyouka/project/snitch/.bender/git/checkouts/common_cells-972044434126250f/src/exp_backoff.sv
        /home/hyouka/project/snitch/.bender/git/checkouts/common_cells-972044434126250f/src/fifo_v3.sv
        /home/hyouka/project/snitch/.bender/git/checkouts/common_cells-972044434126250f/src/gray_to_binary.sv
        /home/hyouka/project/snitch/.bender/git/checkouts/common_cells-972044434126250f/src/isochronous_4phase_handshake.sv
        /home/hyouka/project/snitch/.bender/git/checkouts/common_cells-972044434126250f/src/isochronous_spill_register.sv
        /home/hyouka/project/snitch/.bender/git/checkouts/common_cells-972044434126250f/src/lfsr.sv
        /home/hyouka/project/snitch/.bender/git/checkouts/common_cells-972044434126250f/src/lfsr_16bit.sv
        /home/hyouka/project/snitch/.bender/git/checkouts/common_cells-972044434126250f/src/lfsr_8bit.sv
        /home/hyouka/project/snitch/.bender/git/checkouts/common_cells-972044434126250f/src/lossy_valid_to_stream.sv
        /home/hyouka/project/snitch/.bender/git/checkouts/common_cells-972044434126250f/src/mv_filter.sv
        /home/hyouka/project/snitch/.bender/git/checkouts/common_cells-972044434126250f/src/onehot_to_bin.sv
        /home/hyouka/project/snitch/.bender/git/checkouts/common_cells-972044434126250f/src/plru_tree.sv
        /home/hyouka/project/snitch/.bender/git/checkouts/common_cells-972044434126250f/src/passthrough_stream_fifo.sv
        /home/hyouka/project/snitch/.bender/git/checkouts/common_cells-972044434126250f/src/popcount.sv
        /home/hyouka/project/snitch/.bender/git/checkouts/common_cells-972044434126250f/src/rr_arb_tree.sv
        /home/hyouka/project/snitch/.bender/git/checkouts/common_cells-972044434126250f/src/rstgen_bypass.sv
        /home/hyouka/project/snitch/.bender/git/checkouts/common_cells-972044434126250f/src/serial_deglitch.sv
        /home/hyouka/project/snitch/.bender/git/checkouts/common_cells-972044434126250f/src/shift_reg.sv
        /home/hyouka/project/snitch/.bender/git/checkouts/common_cells-972044434126250f/src/shift_reg_gated.sv
        /home/hyouka/project/snitch/.bender/git/checkouts/common_cells-972044434126250f/src/spill_register_flushable.sv
        /home/hyouka/project/snitch/.bender/git/checkouts/common_cells-972044434126250f/src/stream_demux.sv
        /home/hyouka/project/snitch/.bender/git/checkouts/common_cells-972044434126250f/src/stream_filter.sv
        /home/hyouka/project/snitch/.bender/git/checkouts/common_cells-972044434126250f/src/stream_fork.sv
        /home/hyouka/project/snitch/.bender/git/checkouts/common_cells-972044434126250f/src/stream_intf.sv
        /home/hyouka/project/snitch/.bender/git/checkouts/common_cells-972044434126250f/src/stream_join_dynamic.sv
        /home/hyouka/project/snitch/.bender/git/checkouts/common_cells-972044434126250f/src/stream_mux.sv
        /home/hyouka/project/snitch/.bender/git/checkouts/common_cells-972044434126250f/src/stream_throttle.sv
        /home/hyouka/project/snitch/.bender/git/checkouts/common_cells-972044434126250f/src/sub_per_hash.sv
        /home/hyouka/project/snitch/.bender/git/checkouts/common_cells-972044434126250f/src/sync.sv
        /home/hyouka/project/snitch/.bender/git/checkouts/common_cells-972044434126250f/src/sync_wedge.sv
        /home/hyouka/project/snitch/.bender/git/checkouts/common_cells-972044434126250f/src/unread.sv
        /home/hyouka/project/snitch/.bender/git/checkouts/common_cells-972044434126250f/src/read.sv
        /home/hyouka/project/snitch/.bender/git/checkouts/common_cells-972044434126250f/src/addr_decode_dync.sv
        /home/hyouka/project/snitch/.bender/git/checkouts/common_cells-972044434126250f/src/cdc_2phase.sv
        /home/hyouka/project/snitch/.bender/git/checkouts/common_cells-972044434126250f/src/cdc_4phase.sv
        /home/hyouka/project/snitch/.bender/git/checkouts/common_cells-972044434126250f/src/clk_int_div_static.sv
        /home/hyouka/project/snitch/.bender/git/checkouts/common_cells-972044434126250f/src/addr_decode.sv
        /home/hyouka/project/snitch/.bender/git/checkouts/common_cells-972044434126250f/src/addr_decode_napot.sv
        /home/hyouka/project/snitch/.bender/git/checkouts/common_cells-972044434126250f/src/multiaddr_decode.sv
        /home/hyouka/project/snitch/.bender/git/checkouts/common_cells-972044434126250f/src/cb_filter.sv
        /home/hyouka/project/snitch/.bender/git/checkouts/common_cells-972044434126250f/src/cdc_fifo_2phase.sv
        /home/hyouka/project/snitch/.bender/git/checkouts/common_cells-972044434126250f/src/clk_mux_glitch_free.sv
        /home/hyouka/project/snitch/.bender/git/checkouts/common_cells-972044434126250f/src/counter.sv
        /home/hyouka/project/snitch/.bender/git/checkouts/common_cells-972044434126250f/src/ecc_decode.sv
        /home/hyouka/project/snitch/.bender/git/checkouts/common_cells-972044434126250f/src/ecc_encode.sv
        /home/hyouka/project/snitch/.bender/git/checkouts/common_cells-972044434126250f/src/edge_detect.sv
        /home/hyouka/project/snitch/.bender/git/checkouts/common_cells-972044434126250f/src/lzc.sv
        /home/hyouka/project/snitch/.bender/git/checkouts/common_cells-972044434126250f/src/max_counter.sv
        /home/hyouka/project/snitch/.bender/git/checkouts/common_cells-972044434126250f/src/rstgen.sv
        /home/hyouka/project/snitch/.bender/git/checkouts/common_cells-972044434126250f/src/spill_register.sv
        /home/hyouka/project/snitch/.bender/git/checkouts/common_cells-972044434126250f/src/stream_delay.sv
        /home/hyouka/project/snitch/.bender/git/checkouts/common_cells-972044434126250f/src/stream_fifo.sv
        /home/hyouka/project/snitch/.bender/git/checkouts/common_cells-972044434126250f/src/stream_fork_dynamic.sv
        /home/hyouka/project/snitch/.bender/git/checkouts/common_cells-972044434126250f/src/stream_join.sv
        /home/hyouka/project/snitch/.bender/git/checkouts/common_cells-972044434126250f/src/cdc_reset_ctrlr.sv
        /home/hyouka/project/snitch/.bender/git/checkouts/common_cells-972044434126250f/src/cdc_fifo_gray.sv
        /home/hyouka/project/snitch/.bender/git/checkouts/common_cells-972044434126250f/src/fall_through_register.sv
        /home/hyouka/project/snitch/.bender/git/checkouts/common_cells-972044434126250f/src/id_queue.sv
        /home/hyouka/project/snitch/.bender/git/checkouts/common_cells-972044434126250f/src/stream_to_mem.sv
        /home/hyouka/project/snitch/.bender/git/checkouts/common_cells-972044434126250f/src/stream_arbiter_flushable.sv
        /home/hyouka/project/snitch/.bender/git/checkouts/common_cells-972044434126250f/src/stream_fifo_optimal_wrap.sv
        /home/hyouka/project/snitch/.bender/git/checkouts/common_cells-972044434126250f/src/stream_register.sv
        /home/hyouka/project/snitch/.bender/git/checkouts/common_cells-972044434126250f/src/stream_xbar.sv
        /home/hyouka/project/snitch/.bender/git/checkouts/common_cells-972044434126250f/src/cdc_fifo_gray_clearable.sv
        /home/hyouka/project/snitch/.bender/git/checkouts/common_cells-972044434126250f/src/cdc_2phase_clearable.sv
        /home/hyouka/project/snitch/.bender/git/checkouts/common_cells-972044434126250f/src/mem_to_banks_detailed.sv
        /home/hyouka/project/snitch/.bender/git/checkouts/common_cells-972044434126250f/src/stream_arbiter.sv
        /home/hyouka/project/snitch/.bender/git/checkouts/common_cells-972044434126250f/src/stream_omega_net.sv
        /home/hyouka/project/snitch/.bender/git/checkouts/common_cells-972044434126250f/src/mem_to_banks.sv
        /home/hyouka/project/snitch/.bender/git/checkouts/common_cells-972044434126250f/src/deprecated/sram.sv
        /home/hyouka/project/snitch/.bender/git/checkouts/common_cells-972044434126250f/src/deprecated/clock_divider_counter.sv
        /home/hyouka/project/snitch/.bender/git/checkouts/common_cells-972044434126250f/src/deprecated/clk_div.sv
        /home/hyouka/project/snitch/.bender/git/checkouts/common_cells-972044434126250f/src/deprecated/find_first_one.sv
        /home/hyouka/project/snitch/.bender/git/checkouts/common_cells-972044434126250f/src/deprecated/generic_LFSR_8bit.sv
        /home/hyouka/project/snitch/.bender/git/checkouts/common_cells-972044434126250f/src/deprecated/generic_fifo.sv
        /home/hyouka/project/snitch/.bender/git/checkouts/common_cells-972044434126250f/src/deprecated/prioarbiter.sv
        /home/hyouka/project/snitch/.bender/git/checkouts/common_cells-972044434126250f/src/deprecated/pulp_sync.sv
        /home/hyouka/project/snitch/.bender/git/checkouts/common_cells-972044434126250f/src/deprecated/pulp_sync_wedge.sv
        /home/hyouka/project/snitch/.bender/git/checkouts/common_cells-972044434126250f/src/deprecated/rrarbiter.sv
        /home/hyouka/project/snitch/.bender/git/checkouts/common_cells-972044434126250f/src/deprecated/clock_divider.sv
        /home/hyouka/project/snitch/.bender/git/checkouts/common_cells-972044434126250f/src/deprecated/fifo_v2.sv
        /home/hyouka/project/snitch/.bender/git/checkouts/common_cells-972044434126250f/src/deprecated/fifo_v1.sv
        /home/hyouka/project/snitch/.bender/git/checkouts/common_cells-972044434126250f/src/edge_propagator_ack.sv
        /home/hyouka/project/snitch/.bender/git/checkouts/common_cells-972044434126250f/src/edge_propagator.sv
        /home/hyouka/project/snitch/.bender/git/checkouts/common_cells-972044434126250f/src/edge_propagator_rx.sv
        /home/hyouka/project/snitch/.bender/git/checkouts/apb-fff2c1aa9fcf2539/src/apb_pkg.sv
        /home/hyouka/project/snitch/.bender/git/checkouts/apb-fff2c1aa9fcf2539/src/apb_intf.sv
        /home/hyouka/project/snitch/.bender/git/checkouts/apb-fff2c1aa9fcf2539/src/apb_err_slv.sv
        /home/hyouka/project/snitch/.bender/git/checkouts/apb-fff2c1aa9fcf2539/src/apb_regs.sv
        /home/hyouka/project/snitch/.bender/git/checkouts/apb-fff2c1aa9fcf2539/src/apb_cdc.sv
        /home/hyouka/project/snitch/.bender/git/checkouts/apb-fff2c1aa9fcf2539/src/apb_demux.sv
        /home/hyouka/project/snitch/.bender/git/checkouts/apb-fff2c1aa9fcf2539/src/apb_test.sv
        /home/hyouka/project/snitch/.bender/git/checkouts/apb-fff2c1aa9fcf2539/test/tb_apb_regs.sv
        /home/hyouka/project/snitch/.bender/git/checkouts/apb-fff2c1aa9fcf2539/test/tb_apb_cdc.sv
        /home/hyouka/project/snitch/.bender/git/checkouts/apb-fff2c1aa9fcf2539/test/tb_apb_demux.sv
        /home/hyouka/project/snitch/.bender/git/checkouts/axi-748ea77f6eda1e7b/src/axi_pkg.sv
        /home/hyouka/project/snitch/.bender/git/checkouts/axi-748ea77f6eda1e7b/src/axi_intf.sv
        /home/hyouka/project/snitch/.bender/git/checkouts/axi-748ea77f6eda1e7b/src/axi_atop_filter.sv
        /home/hyouka/project/snitch/.bender/git/checkouts/axi-748ea77f6eda1e7b/src/axi_burst_splitter.sv
        /home/hyouka/project/snitch/.bender/git/checkouts/axi-748ea77f6eda1e7b/src/axi_bus_compare.sv
        /home/hyouka/project/snitch/.bender/git/checkouts/axi-748ea77f6eda1e7b/src/axi_cdc_dst.sv
        /home/hyouka/project/snitch/.bender/git/checkouts/axi-748ea77f6eda1e7b/src/axi_cdc_src.sv
        /home/hyouka/project/snitch/.bender/git/checkouts/axi-748ea77f6eda1e7b/src/axi_cut.sv
        /home/hyouka/project/snitch/.bender/git/checkouts/axi-748ea77f6eda1e7b/src/axi_delayer.sv
        /home/hyouka/project/snitch/.bender/git/checkouts/axi-748ea77f6eda1e7b/src/axi_demux_simple.sv
        /home/hyouka/project/snitch/.bender/git/checkouts/axi-748ea77f6eda1e7b/src/axi_dw_downsizer.sv
        /home/hyouka/project/snitch/.bender/git/checkouts/axi-748ea77f6eda1e7b/src/axi_dw_upsizer.sv
        /home/hyouka/project/snitch/.bender/git/checkouts/axi-748ea77f6eda1e7b/src/axi_fifo.sv
        /home/hyouka/project/snitch/.bender/git/checkouts/axi-748ea77f6eda1e7b/src/axi_id_remap.sv
        /home/hyouka/project/snitch/.bender/git/checkouts/axi-748ea77f6eda1e7b/src/axi_id_prepend.sv
        /home/hyouka/project/snitch/.bender/git/checkouts/axi-748ea77f6eda1e7b/src/axi_isolate.sv
        /home/hyouka/project/snitch/.bender/git/checkouts/axi-748ea77f6eda1e7b/src/axi_join.sv
        /home/hyouka/project/snitch/.bender/git/checkouts/axi-748ea77f6eda1e7b/src/axi_lite_demux.sv
        /home/hyouka/project/snitch/.bender/git/checkouts/axi-748ea77f6eda1e7b/src/axi_lite_dw_converter.sv
        /home/hyouka/project/snitch/.bender/git/checkouts/axi-748ea77f6eda1e7b/src/axi_lite_from_mem.sv
        /home/hyouka/project/snitch/.bender/git/checkouts/axi-748ea77f6eda1e7b/src/axi_lite_join.sv
        /home/hyouka/project/snitch/.bender/git/checkouts/axi-748ea77f6eda1e7b/src/axi_lite_lfsr.sv
        /home/hyouka/project/snitch/.bender/git/checkouts/axi-748ea77f6eda1e7b/src/axi_lite_mailbox.sv
        /home/hyouka/project/snitch/.bender/git/checkouts/axi-748ea77f6eda1e7b/src/axi_lite_mux.sv
        /home/hyouka/project/snitch/.bender/git/checkouts/axi-748ea77f6eda1e7b/src/axi_lite_regs.sv
        /home/hyouka/project/snitch/.bender/git/checkouts/axi-748ea77f6eda1e7b/src/axi_lite_to_apb.sv
        /home/hyouka/project/snitch/.bender/git/checkouts/axi-748ea77f6eda1e7b/src/axi_lite_to_axi.sv
        /home/hyouka/project/snitch/.bender/git/checkouts/axi-748ea77f6eda1e7b/src/axi_modify_address.sv
        /home/hyouka/project/snitch/.bender/git/checkouts/axi-748ea77f6eda1e7b/src/axi_mux.sv
        /home/hyouka/project/snitch/.bender/git/checkouts/axi-748ea77f6eda1e7b/src/axi_rw_join.sv
        /home/hyouka/project/snitch/.bender/git/checkouts/axi-748ea77f6eda1e7b/src/axi_rw_split.sv
        /home/hyouka/project/snitch/.bender/git/checkouts/axi-748ea77f6eda1e7b/src/axi_serializer.sv
        /home/hyouka/project/snitch/.bender/git/checkouts/axi-748ea77f6eda1e7b/src/axi_slave_compare.sv
        /home/hyouka/project/snitch/.bender/git/checkouts/axi-748ea77f6eda1e7b/src/axi_throttle.sv
        /home/hyouka/project/snitch/.bender/git/checkouts/axi-748ea77f6eda1e7b/src/axi_to_detailed_mem.sv
        /home/hyouka/project/snitch/.bender/git/checkouts/axi-748ea77f6eda1e7b/src/axi_cdc.sv
        /home/hyouka/project/snitch/.bender/git/checkouts/axi-748ea77f6eda1e7b/src/axi_demux.sv
        /home/hyouka/project/snitch/.bender/git/checkouts/axi-748ea77f6eda1e7b/src/axi_err_slv.sv
        /home/hyouka/project/snitch/.bender/git/checkouts/axi-748ea77f6eda1e7b/src/axi_dw_converter.sv
        /home/hyouka/project/snitch/.bender/git/checkouts/axi-748ea77f6eda1e7b/src/axi_from_mem.sv
        /home/hyouka/project/snitch/.bender/git/checkouts/axi-748ea77f6eda1e7b/src/axi_id_serialize.sv
        /home/hyouka/project/snitch/.bender/git/checkouts/axi-748ea77f6eda1e7b/src/axi_lfsr.sv
        /home/hyouka/project/snitch/.bender/git/checkouts/axi-748ea77f6eda1e7b/src/axi_multicut.sv
        /home/hyouka/project/snitch/.bender/git/checkouts/axi-748ea77f6eda1e7b/src/axi_to_axi_lite.sv
        /home/hyouka/project/snitch/.bender/git/checkouts/axi-748ea77f6eda1e7b/src/axi_to_mem.sv
        /home/hyouka/project/snitch/.bender/git/checkouts/axi-748ea77f6eda1e7b/src/axi_zero_mem.sv
        /home/hyouka/project/snitch/.bender/git/checkouts/axi-748ea77f6eda1e7b/src/axi_interleaved_xbar.sv
        /home/hyouka/project/snitch/.bender/git/checkouts/axi-748ea77f6eda1e7b/src/axi_iw_converter.sv
        /home/hyouka/project/snitch/.bender/git/checkouts/axi-748ea77f6eda1e7b/src/axi_lite_xbar.sv
        /home/hyouka/project/snitch/.bender/git/checkouts/axi-748ea77f6eda1e7b/src/axi_xbar_unmuxed.sv
        /home/hyouka/project/snitch/.bender/git/checkouts/axi-748ea77f6eda1e7b/src/axi_to_mem_banked.sv
        /home/hyouka/project/snitch/.bender/git/checkouts/axi-748ea77f6eda1e7b/src/axi_to_mem_interleaved.sv
        /home/hyouka/project/snitch/.bender/git/checkouts/axi-748ea77f6eda1e7b/src/axi_to_mem_split.sv
        /home/hyouka/project/snitch/.bender/git/checkouts/axi-748ea77f6eda1e7b/src/axi_xbar.sv
        /home/hyouka/project/snitch/.bender/git/checkouts/axi-748ea77f6eda1e7b/src/axi_xp.sv
        /home/hyouka/project/snitch/.bender/git/checkouts/axi-748ea77f6eda1e7b/src/axi_chan_compare.sv
        /home/hyouka/project/snitch/.bender/git/checkouts/axi-748ea77f6eda1e7b/src/axi_dumper.sv
        /home/hyouka/project/snitch/.bender/git/checkouts/axi-748ea77f6eda1e7b/src/axi_sim_mem.sv
        /home/hyouka/project/snitch/.bender/git/checkouts/axi-748ea77f6eda1e7b/src/axi_test.sv
        /home/hyouka/project/snitch/.bender/git/checkouts/axi_stream-0676e821aabb04ed/src/axi_stream_intf.sv
        /home/hyouka/project/snitch/.bender/git/checkouts/axi_stream-0676e821aabb04ed/src/axi_stream_cut.sv
        /home/hyouka/project/snitch/.bender/git/checkouts/axi_stream-0676e821aabb04ed/src/axi_stream_dw_downsizer.sv
        /home/hyouka/project/snitch/.bender/git/checkouts/axi_stream-0676e821aabb04ed/src/axi_stream_dw_upsizer.sv
        /home/hyouka/project/snitch/.bender/git/checkouts/axi_stream-0676e821aabb04ed/src/axi_stream_multicut.sv
        /home/hyouka/project/snitch/.bender/git/checkouts/axi_stream-0676e821aabb04ed/test/axi_stream_test.sv
        /home/hyouka/project/snitch/.bender/git/checkouts/fpu_div_sqrt_mvp-f65f24849edf041f/hdl/defs_div_sqrt_mvp.sv
        /home/hyouka/project/snitch/.bender/git/checkouts/fpu_div_sqrt_mvp-f65f24849edf041f/hdl/iteration_div_sqrt_mvp.sv
        /home/hyouka/project/snitch/.bender/git/checkouts/fpu_div_sqrt_mvp-f65f24849edf041f/hdl/control_mvp.sv
        /home/hyouka/project/snitch/.bender/git/checkouts/fpu_div_sqrt_mvp-f65f24849edf041f/hdl/norm_div_sqrt_mvp.sv
        /home/hyouka/project/snitch/.bender/git/checkouts/fpu_div_sqrt_mvp-f65f24849edf041f/hdl/preprocess_mvp.sv
        /home/hyouka/project/snitch/.bender/git/checkouts/fpu_div_sqrt_mvp-f65f24849edf041f/hdl/nrbd_nrsc_mvp.sv
        /home/hyouka/project/snitch/.bender/git/checkouts/fpu_div_sqrt_mvp-f65f24849edf041f/hdl/div_sqrt_top_mvp.sv
        /home/hyouka/project/snitch/.bender/git/checkouts/fpu_div_sqrt_mvp-f65f24849edf041f/hdl/div_sqrt_mvp_wrapper.sv
        /home/hyouka/project/snitch/.bender/git/checkouts/obi-b673daa527717722/src/obi_pkg.sv
        /home/hyouka/project/snitch/.bender/git/checkouts/obi-b673daa527717722/src/obi_intf.sv
        /home/hyouka/project/snitch/.bender/git/checkouts/obi-b673daa527717722/src/obi_rready_converter.sv
        /home/hyouka/project/snitch/.bender/git/checkouts/obi-b673daa527717722/src/obi_atop_resolver.sv
        /home/hyouka/project/snitch/.bender/git/checkouts/obi-b673daa527717722/src/obi_cut.sv
        /home/hyouka/project/snitch/.bender/git/checkouts/obi-b673daa527717722/src/obi_demux.sv
        /home/hyouka/project/snitch/.bender/git/checkouts/obi-b673daa527717722/src/obi_err_sbr.sv
        /home/hyouka/project/snitch/.bender/git/checkouts/obi-b673daa527717722/src/obi_mux.sv
        /home/hyouka/project/snitch/.bender/git/checkouts/obi-b673daa527717722/src/obi_sram_shim.sv
        /home/hyouka/project/snitch/.bender/git/checkouts/obi-b673daa527717722/src/obi_xbar.sv
        /home/hyouka/project/snitch/.bender/git/checkouts/obi-b673daa527717722/src/test/obi_asserter.sv
        /home/hyouka/project/snitch/.bender/git/checkouts/obi-b673daa527717722/src/test/obi_test.sv
        /home/hyouka/project/snitch/.bender/git/checkouts/obi-b673daa527717722/src/test/obi_sim_mem.sv
        /home/hyouka/project/snitch/.bender/git/checkouts/obi-b673daa527717722/src/test/tb_obi_xbar.sv
        /home/hyouka/project/snitch/.bender/git/checkouts/obi-b673daa527717722/src/test/atop_golden_mem_pkg.sv
        /home/hyouka/project/snitch/.bender/git/checkouts/obi-b673daa527717722/src/test/tb_obi_atop_resolver.sv
        /home/hyouka/project/snitch/.bender/git/checkouts/register_interface-25e60bdb85519130/src/reg_intf.sv
        /home/hyouka/project/snitch/.bender/git/checkouts/register_interface-25e60bdb85519130/vendor/lowrisc_opentitan/src/prim_subreg_arb.sv
        /home/hyouka/project/snitch/.bender/git/checkouts/register_interface-25e60bdb85519130/vendor/lowrisc_opentitan/src/prim_subreg_ext.sv
        /home/hyouka/project/snitch/.bender/git/checkouts/register_interface-25e60bdb85519130/src/apb_to_reg.sv
        /home/hyouka/project/snitch/.bender/git/checkouts/register_interface-25e60bdb85519130/src/axi_lite_to_reg.sv
        /home/hyouka/project/snitch/.bender/git/checkouts/register_interface-25e60bdb85519130/src/axi_to_reg_v2.sv
        /home/hyouka/project/snitch/.bender/git/checkouts/register_interface-25e60bdb85519130/src/periph_to_reg.sv
        /home/hyouka/project/snitch/.bender/git/checkouts/register_interface-25e60bdb85519130/src/reg_cdc.sv
        /home/hyouka/project/snitch/.bender/git/checkouts/register_interface-25e60bdb85519130/src/reg_cut.sv
        /home/hyouka/project/snitch/.bender/git/checkouts/register_interface-25e60bdb85519130/src/reg_demux.sv
        /home/hyouka/project/snitch/.bender/git/checkouts/register_interface-25e60bdb85519130/src/reg_err_slv.sv
        /home/hyouka/project/snitch/.bender/git/checkouts/register_interface-25e60bdb85519130/src/reg_filter_empty_writes.sv
        /home/hyouka/project/snitch/.bender/git/checkouts/register_interface-25e60bdb85519130/src/reg_mux.sv
        /home/hyouka/project/snitch/.bender/git/checkouts/register_interface-25e60bdb85519130/src/reg_to_apb.sv
        /home/hyouka/project/snitch/.bender/git/checkouts/register_interface-25e60bdb85519130/src/reg_to_mem.sv
        /home/hyouka/project/snitch/.bender/git/checkouts/register_interface-25e60bdb85519130/src/reg_to_tlul.sv
        /home/hyouka/project/snitch/.bender/git/checkouts/register_interface-25e60bdb85519130/src/reg_to_axi.sv
        /home/hyouka/project/snitch/.bender/git/checkouts/register_interface-25e60bdb85519130/src/reg_uniform.sv
        /home/hyouka/project/snitch/.bender/git/checkouts/register_interface-25e60bdb85519130/vendor/lowrisc_opentitan/src/prim_subreg_shadow.sv
        /home/hyouka/project/snitch/.bender/git/checkouts/register_interface-25e60bdb85519130/vendor/lowrisc_opentitan/src/prim_subreg.sv
        /home/hyouka/project/snitch/.bender/git/checkouts/register_interface-25e60bdb85519130/src/deprecated/axi_to_reg.sv
        /home/hyouka/project/snitch/.bender/git/checkouts/register_interface-25e60bdb85519130/src/reg_test.sv
        /home/hyouka/project/snitch/.bender/git/checkouts/scm-99f06c847090d5db/latch_scm/register_file_1r_1w_test_wrap.sv
        /home/hyouka/project/snitch/.bender/git/checkouts/scm-99f06c847090d5db/latch_scm/register_file_1w_64b_multi_port_read_32b_1row.sv
        /home/hyouka/project/snitch/.bender/git/checkouts/scm-99f06c847090d5db/latch_scm/register_file_1w_multi_port_read_1row.sv
        /home/hyouka/project/snitch/.bender/git/checkouts/scm-99f06c847090d5db/latch_scm/register_file_1r_1w_all.sv
        /home/hyouka/project/snitch/.bender/git/checkouts/scm-99f06c847090d5db/latch_scm/register_file_1r_1w_all_test_wrap.sv
        /home/hyouka/project/snitch/.bender/git/checkouts/scm-99f06c847090d5db/latch_scm/register_file_1r_1w_be.sv
        /home/hyouka/project/snitch/.bender/git/checkouts/scm-99f06c847090d5db/latch_scm/register_file_1r_1w.sv
        /home/hyouka/project/snitch/.bender/git/checkouts/scm-99f06c847090d5db/latch_scm/register_file_1r_1w_1row.sv
        /home/hyouka/project/snitch/.bender/git/checkouts/scm-99f06c847090d5db/latch_scm/register_file_1w_128b_multi_port_read_32b.sv
        /home/hyouka/project/snitch/.bender/git/checkouts/scm-99f06c847090d5db/latch_scm/register_file_1w_64b_multi_port_read_32b.sv
        /home/hyouka/project/snitch/.bender/git/checkouts/scm-99f06c847090d5db/latch_scm/register_file_1w_64b_1r_32b.sv
        /home/hyouka/project/snitch/.bender/git/checkouts/scm-99f06c847090d5db/latch_scm/register_file_1w_multi_port_read_be.sv
        /home/hyouka/project/snitch/.bender/git/checkouts/scm-99f06c847090d5db/latch_scm/register_file_1w_multi_port_read.sv
        /home/hyouka/project/snitch/.bender/git/checkouts/scm-99f06c847090d5db/latch_scm/register_file_2r_1w_asymm.sv
        /home/hyouka/project/snitch/.bender/git/checkouts/scm-99f06c847090d5db/latch_scm/register_file_2r_1w_asymm_test_wrap.sv
        /home/hyouka/project/snitch/.bender/git/checkouts/scm-99f06c847090d5db/latch_scm/register_file_2r_2w.sv
        /home/hyouka/project/snitch/.bender/git/checkouts/scm-99f06c847090d5db/latch_scm/register_file_3r_2w.sv
        /home/hyouka/project/snitch/.bender/git/checkouts/scm-99f06c847090d5db/latch_scm/register_file_3r_2w_be.sv
        /home/hyouka/project/snitch/.bender/git/checkouts/scm-99f06c847090d5db/latch_scm/register_file_multi_way_1w_64b_multi_port_read_32b.sv
        /home/hyouka/project/snitch/.bender/git/checkouts/scm-99f06c847090d5db/latch_scm/register_file_multi_way_1w_multi_port_read.sv
        /home/hyouka/project/snitch/.bender/git/checkouts/axi_riscv_atomics-2ded1ae7b24fd73c/src/axi_res_tbl.sv
        /home/hyouka/project/snitch/.bender/git/checkouts/axi_riscv_atomics-2ded1ae7b24fd73c/src/axi_riscv_amos_alu.sv
        /home/hyouka/project/snitch/.bender/git/checkouts/axi_riscv_atomics-2ded1ae7b24fd73c/src/axi_riscv_amos.sv
        /home/hyouka/project/snitch/.bender/git/checkouts/axi_riscv_atomics-2ded1ae7b24fd73c/src/axi_riscv_lrsc.sv
        /home/hyouka/project/snitch/.bender/git/checkouts/axi_riscv_atomics-2ded1ae7b24fd73c/src/axi_riscv_atomics.sv
        /home/hyouka/project/snitch/.bender/git/checkouts/axi_riscv_atomics-2ded1ae7b24fd73c/src/axi_riscv_lrsc_wrap.sv
        /home/hyouka/project/snitch/.bender/git/checkouts/axi_riscv_atomics-2ded1ae7b24fd73c/src/axi_riscv_amos_wrap.sv
        /home/hyouka/project/snitch/.bender/git/checkouts/axi_riscv_atomics-2ded1ae7b24fd73c/src/axi_riscv_atomics_wrap.sv
        /home/hyouka/project/snitch/.bender/git/checkouts/axi_riscv_atomics-2ded1ae7b24fd73c/test/tb_axi_pkg.sv
        /home/hyouka/project/snitch/.bender/git/checkouts/axi_riscv_atomics-2ded1ae7b24fd73c/test/golden_memory.sv
        /home/hyouka/project/snitch/.bender/git/checkouts/axi_riscv_atomics-2ded1ae7b24fd73c/test/axi_riscv_atomics_tb.sv
        /home/hyouka/project/snitch/.bender/git/checkouts/axi_riscv_atomics-2ded1ae7b24fd73c/test/axi_riscv_lrsc_tb.sv
        /home/hyouka/project/snitch/.bender/git/checkouts/cluster_icache-a3bd721fd90ead31/src/snitch_icache_pkg.sv
        /home/hyouka/project/snitch/.bender/git/checkouts/cluster_icache-a3bd721fd90ead31/src/riscv_instr_branch.sv
        /home/hyouka/project/snitch/.bender/git/checkouts/cluster_icache-a3bd721fd90ead31/src/multi_accept_rr_arb.sv
        /home/hyouka/project/snitch/.bender/git/checkouts/cluster_icache-a3bd721fd90ead31/src/snitch_axi_to_cache.sv
        /home/hyouka/project/snitch/.bender/git/checkouts/cluster_icache-a3bd721fd90ead31/src/snitch_icache_l0.sv
        /home/hyouka/project/snitch/.bender/git/checkouts/cluster_icache-a3bd721fd90ead31/src/snitch_icache_refill.sv
        /home/hyouka/project/snitch/.bender/git/checkouts/cluster_icache-a3bd721fd90ead31/src/snitch_icache_lfsr.sv
        /home/hyouka/project/snitch/.bender/git/checkouts/cluster_icache-a3bd721fd90ead31/src/snitch_icache_lookup_parallel.sv
        /home/hyouka/project/snitch/.bender/git/checkouts/cluster_icache-a3bd721fd90ead31/src/snitch_icache_lookup_serial.sv
        /home/hyouka/project/snitch/.bender/git/checkouts/cluster_icache-a3bd721fd90ead31/src/snitch_icache_handler.sv
        /home/hyouka/project/snitch/.bender/git/checkouts/cluster_icache-a3bd721fd90ead31/src/snitch_icache.sv
        /home/hyouka/project/snitch/.bender/git/checkouts/cluster_icache-a3bd721fd90ead31/src/snitch_read_only_cache.sv
        /home/hyouka/project/snitch/.bender/git/checkouts/cluster_icache-a3bd721fd90ead31/test/snitch_read_only_cache_tb.sv
        /home/hyouka/project/snitch/.bender/git/checkouts/fpnew-ada121fb13725d96/src/fpnew_pkg.sv
        /home/hyouka/project/snitch/.bender/git/checkouts/fpnew-ada121fb13725d96/src/fpnew_cast_multi.sv
        /home/hyouka/project/snitch/.bender/git/checkouts/fpnew-ada121fb13725d96/src/fpnew_classifier.sv
        /home/hyouka/project/snitch/.bender/git/checkouts/fpnew-ada121fb13725d96/vendor/opene906/E906_RTL_FACTORY/gen_rtl/clk/rtl/gated_clk_cell.v
        /home/hyouka/project/snitch/.bender/git/checkouts/fpnew-ada121fb13725d96/vendor/opene906/E906_RTL_FACTORY/gen_rtl/fdsu/rtl/pa_fdsu_ctrl.v
        /home/hyouka/project/snitch/.bender/git/checkouts/fpnew-ada121fb13725d96/vendor/opene906/E906_RTL_FACTORY/gen_rtl/fdsu/rtl/pa_fdsu_ff1.v
        /home/hyouka/project/snitch/.bender/git/checkouts/fpnew-ada121fb13725d96/vendor/opene906/E906_RTL_FACTORY/gen_rtl/fdsu/rtl/pa_fdsu_pack_single.v
        /home/hyouka/project/snitch/.bender/git/checkouts/fpnew-ada121fb13725d96/vendor/opene906/E906_RTL_FACTORY/gen_rtl/fdsu/rtl/pa_fdsu_prepare.v
        /home/hyouka/project/snitch/.bender/git/checkouts/fpnew-ada121fb13725d96/vendor/opene906/E906_RTL_FACTORY/gen_rtl/fdsu/rtl/pa_fdsu_round_single.v
        /home/hyouka/project/snitch/.bender/git/checkouts/fpnew-ada121fb13725d96/vendor/opene906/E906_RTL_FACTORY/gen_rtl/fdsu/rtl/pa_fdsu_special.v
        /home/hyouka/project/snitch/.bender/git/checkouts/fpnew-ada121fb13725d96/vendor/opene906/E906_RTL_FACTORY/gen_rtl/fdsu/rtl/pa_fdsu_srt_single.v
        /home/hyouka/project/snitch/.bender/git/checkouts/fpnew-ada121fb13725d96/vendor/opene906/E906_RTL_FACTORY/gen_rtl/fdsu/rtl/pa_fdsu_top.v
        /home/hyouka/project/snitch/.bender/git/checkouts/fpnew-ada121fb13725d96/vendor/opene906/E906_RTL_FACTORY/gen_rtl/fpu/rtl/pa_fpu_dp.v
        /home/hyouka/project/snitch/.bender/git/checkouts/fpnew-ada121fb13725d96/vendor/opene906/E906_RTL_FACTORY/gen_rtl/fpu/rtl/pa_fpu_frbus.v
        /home/hyouka/project/snitch/.bender/git/checkouts/fpnew-ada121fb13725d96/vendor/opene906/E906_RTL_FACTORY/gen_rtl/fpu/rtl/pa_fpu_src_type.v
        /home/hyouka/project/snitch/.bender/git/checkouts/fpnew-ada121fb13725d96/src/fpnew_divsqrt_th_32.sv
        /home/hyouka/project/snitch/.bender/git/checkouts/fpnew-ada121fb13725d96/src/fpnew_divsqrt_multi.sv
        /home/hyouka/project/snitch/.bender/git/checkouts/fpnew-ada121fb13725d96/src/fpnew_fma.sv
        /home/hyouka/project/snitch/.bender/git/checkouts/fpnew-ada121fb13725d96/src/fpnew_fma_multi.sv
        /home/hyouka/project/snitch/.bender/git/checkouts/fpnew-ada121fb13725d96/src/fpnew_sdotp_multi.sv
        /home/hyouka/project/snitch/.bender/git/checkouts/fpnew-ada121fb13725d96/src/fpnew_sdotp_multi_wrapper.sv
        /home/hyouka/project/snitch/.bender/git/checkouts/fpnew-ada121fb13725d96/src/fpnew_noncomp.sv
        /home/hyouka/project/snitch/.bender/git/checkouts/fpnew-ada121fb13725d96/src/fpnew_opgroup_block.sv
        /home/hyouka/project/snitch/.bender/git/checkouts/fpnew-ada121fb13725d96/src/fpnew_opgroup_fmt_slice.sv
        /home/hyouka/project/snitch/.bender/git/checkouts/fpnew-ada121fb13725d96/src/fpnew_opgroup_multifmt_slice.sv
        /home/hyouka/project/snitch/.bender/git/checkouts/fpnew-ada121fb13725d96/src/fpnew_rounding.sv
        /home/hyouka/project/snitch/.bender/git/checkouts/fpnew-ada121fb13725d96/src/lfsr_sr.sv
        /home/hyouka/project/snitch/.bender/git/checkouts/fpnew-ada121fb13725d96/src/fpnew_top.sv
        /home/hyouka/project/snitch/.bender/git/checkouts/idma-bca94d2c15732af8/src/idma_pkg.sv
        /home/hyouka/project/snitch/.bender/git/checkouts/idma-bca94d2c15732af8/src/backend/idma_axil_read.sv
        /home/hyouka/project/snitch/.bender/git/checkouts/idma-bca94d2c15732af8/src/backend/idma_axil_write.sv
        /home/hyouka/project/snitch/.bender/git/checkouts/idma-bca94d2c15732af8/src/backend/idma_axi_read.sv
        /home/hyouka/project/snitch/.bender/git/checkouts/idma-bca94d2c15732af8/src/backend/idma_axi_write.sv
        /home/hyouka/project/snitch/.bender/git/checkouts/idma-bca94d2c15732af8/src/backend/idma_axis_read.sv
        /home/hyouka/project/snitch/.bender/git/checkouts/idma-bca94d2c15732af8/src/backend/idma_axis_write.sv
        /home/hyouka/project/snitch/.bender/git/checkouts/idma-bca94d2c15732af8/src/backend/idma_channel_coupler.sv
        /home/hyouka/project/snitch/.bender/git/checkouts/idma-bca94d2c15732af8/src/backend/idma_dataflow_element.sv
        /home/hyouka/project/snitch/.bender/git/checkouts/idma-bca94d2c15732af8/src/backend/idma_error_handler.sv
        /home/hyouka/project/snitch/.bender/git/checkouts/idma-bca94d2c15732af8/src/backend/idma_init_read.sv
        /home/hyouka/project/snitch/.bender/git/checkouts/idma-bca94d2c15732af8/src/backend/idma_init_write.sv
        /home/hyouka/project/snitch/.bender/git/checkouts/idma-bca94d2c15732af8/src/backend/idma_legalizer_page_splitter.sv
        /home/hyouka/project/snitch/.bender/git/checkouts/idma-bca94d2c15732af8/src/backend/idma_legalizer_pow2_splitter.sv
        /home/hyouka/project/snitch/.bender/git/checkouts/idma-bca94d2c15732af8/src/backend/idma_obi_read.sv
        /home/hyouka/project/snitch/.bender/git/checkouts/idma-bca94d2c15732af8/src/backend/idma_obi_write.sv
        /home/hyouka/project/snitch/.bender/git/checkouts/idma-bca94d2c15732af8/src/backend/idma_tilelink_read.sv
        /home/hyouka/project/snitch/.bender/git/checkouts/idma-bca94d2c15732af8/src/backend/idma_tilelink_write.sv
        /home/hyouka/project/snitch/.bender/git/checkouts/idma-bca94d2c15732af8/target/rtl/idma_generated.sv
        /home/hyouka/project/snitch/.bender/git/checkouts/idma-bca94d2c15732af8/src/midend/idma_mp_dist_midend.sv
        /home/hyouka/project/snitch/.bender/git/checkouts/idma-bca94d2c15732af8/src/midend/idma_mp_split_midend.sv
        /home/hyouka/project/snitch/.bender/git/checkouts/idma-bca94d2c15732af8/src/midend/idma_nd_midend.sv
        /home/hyouka/project/snitch/.bender/git/checkouts/idma-bca94d2c15732af8/src/midend/idma_rt_midend.sv
        /home/hyouka/project/snitch/.bender/git/checkouts/idma-bca94d2c15732af8/src/frontend/inst64/idma_inst64_snitch_pkg.sv
        /home/hyouka/project/snitch/.bender/git/checkouts/idma-bca94d2c15732af8/src/frontend/desc64/idma_desc64_ar_gen.sv
        /home/hyouka/project/snitch/.bender/git/checkouts/idma-bca94d2c15732af8/src/frontend/desc64/idma_desc64_ar_gen_prefetch.sv
        /home/hyouka/project/snitch/.bender/git/checkouts/idma-bca94d2c15732af8/src/frontend/desc64/idma_desc64_reader.sv
        /home/hyouka/project/snitch/.bender/git/checkouts/idma-bca94d2c15732af8/src/frontend/desc64/idma_desc64_reader_gater.sv
        /home/hyouka/project/snitch/.bender/git/checkouts/idma-bca94d2c15732af8/src/frontend/desc64/idma_desc64_reshaper.sv
        /home/hyouka/project/snitch/.bender/git/checkouts/idma-bca94d2c15732af8/src/frontend/idma_transfer_id_gen.sv
        /home/hyouka/project/snitch/.bender/git/checkouts/idma-bca94d2c15732af8/src/frontend/inst64/idma_inst64_events.sv
        /home/hyouka/project/snitch/.bender/git/checkouts/idma-bca94d2c15732af8/src/frontend/desc64/idma_desc64_reg_wrapper.sv
        /home/hyouka/project/snitch/.bender/git/checkouts/idma-bca94d2c15732af8/src/frontend/inst64/idma_inst64_top.sv
        /home/hyouka/project/snitch/.bender/git/checkouts/idma-bca94d2c15732af8/src/frontend/desc64/idma_desc64_top.sv
        /home/hyouka/project/snitch/.bender/git/checkouts/riscv-dbg-d1991d2f8f447149/src/dm_pkg.sv
        /home/hyouka/project/snitch/.bender/git/checkouts/riscv-dbg-d1991d2f8f447149/debug_rom/debug_rom.sv
        /home/hyouka/project/snitch/.bender/git/checkouts/riscv-dbg-d1991d2f8f447149/debug_rom/debug_rom_one_scratch.sv
        /home/hyouka/project/snitch/.bender/git/checkouts/riscv-dbg-d1991d2f8f447149/src/dm_csrs.sv
        /home/hyouka/project/snitch/.bender/git/checkouts/riscv-dbg-d1991d2f8f447149/src/dm_mem.sv
        /home/hyouka/project/snitch/.bender/git/checkouts/riscv-dbg-d1991d2f8f447149/src/dmi_cdc.sv
        /home/hyouka/project/snitch/.bender/git/checkouts/riscv-dbg-d1991d2f8f447149/src/dmi_jtag_tap.sv
        /home/hyouka/project/snitch/.bender/git/checkouts/riscv-dbg-d1991d2f8f447149/src/dm_sba.sv
        /home/hyouka/project/snitch/.bender/git/checkouts/riscv-dbg-d1991d2f8f447149/src/dm_top.sv
        /home/hyouka/project/snitch/.bender/git/checkouts/riscv-dbg-d1991d2f8f447149/src/dmi_jtag.sv
        /home/hyouka/project/snitch/.bender/git/checkouts/riscv-dbg-d1991d2f8f447149/src/dm_obi_top.sv
        /home/hyouka/project/snitch/.bender/git/checkouts/riscv-dbg-d1991d2f8f447149/src/dmi_test.sv
        /home/hyouka/project/snitch/.bender/git/checkouts/riscv-dbg-d1991d2f8f447149/src/dmi_intf.sv
        /home/hyouka/project/snitch/.bender/git/checkouts/riscv-dbg-d1991d2f8f447149/tb/jtag_dmi/jtag_intf.sv
        /home/hyouka/project/snitch/.bender/git/checkouts/riscv-dbg-d1991d2f8f447149/tb/jtag_dmi/jtag_test.sv
        /home/hyouka/project/snitch/.bender/git/checkouts/riscv-dbg-d1991d2f8f447149/tb/jtag_dmi/tb_jtag_dmi.sv
        /home/hyouka/project/snitch/hw/reqrsp_interface/src/reqrsp_pkg.sv
        /home/hyouka/project/snitch/hw/reqrsp_interface/src/reqrsp_intf.sv
        /home/hyouka/project/snitch/hw/reqrsp_interface/src/axi_to_reqrsp.sv
        /home/hyouka/project/snitch/hw/reqrsp_interface/src/reqrsp_cut.sv
        /home/hyouka/project/snitch/hw/reqrsp_interface/src/reqrsp_demux.sv
        /home/hyouka/project/snitch/hw/reqrsp_interface/src/reqrsp_iso.sv
        /home/hyouka/project/snitch/hw/reqrsp_interface/src/reqrsp_mux.sv
        /home/hyouka/project/snitch/hw/reqrsp_interface/src/reqrsp_to_axi.sv
        /home/hyouka/project/snitch/hw/reqrsp_interface/src/reqrsp_test.sv
        /home/hyouka/project/snitch/hw/reqrsp_interface/test/axi_to_reqrsp_tb.sv
        /home/hyouka/project/snitch/hw/reqrsp_interface/test/reqrsp_demux_tb.sv
        /home/hyouka/project/snitch/hw/reqrsp_interface/test/reqrsp_idempotent_tb.sv
        /home/hyouka/project/snitch/hw/reqrsp_interface/test/reqrsp_mux_tb.sv
        /home/hyouka/project/snitch/hw/reqrsp_interface/test/reqrsp_to_axi_tb.sv
        /home/hyouka/project/snitch/hw/mem_interface/src/mem_wide_narrow_mux.sv
        /home/hyouka/project/snitch/hw/mem_interface/src/mem_interface.sv
        /home/hyouka/project/snitch/hw/mem_interface/src/mem_test.sv
        /home/hyouka/project/snitch/hw/mem_interface/test/mem_wide_narrow_mux_tb.sv
        /home/hyouka/project/snitch/hw/tcdm_interface/src/tcdm_interface.sv
        /home/hyouka/project/snitch/hw/tcdm_interface/src/axi_to_tcdm.sv
        /home/hyouka/project/snitch/hw/tcdm_interface/src/reqrsp_to_tcdm.sv
        /home/hyouka/project/snitch/hw/tcdm_interface/src/tcdm_mux.sv
        /home/hyouka/project/snitch/hw/tcdm_interface/src/tcdm_test.sv
        /home/hyouka/project/snitch/hw/tcdm_interface/test/reqrsp_to_tcdm_tb.sv
        /home/hyouka/project/snitch/hw/tcdm_interface/test/tcdm_mux_tb.sv
        /home/hyouka/project/snitch/hw/snitch/src/snitch_pma_pkg.sv
        /home/hyouka/project/snitch/hw/snitch/src/riscv_instr.sv
        /home/hyouka/project/snitch/hw/snitch/src/snitch_pkg.sv
        /home/hyouka/project/snitch/hw/snitch/src/snitch_regfile_ff.sv
        /home/hyouka/project/snitch/hw/snitch/src/snitch_lsu.sv
        /home/hyouka/project/snitch/hw/snitch/src/snitch_l0_tlb.sv
        /home/hyouka/project/snitch/hw/snitch/src/snitch.sv
        /home/hyouka/project/snitch/hw/snitch/test/snitch_l0_tlb_tb.sv
        /home/hyouka/project/snitch/hw/snitch_vm/src/snitch_ptw.sv
        /home/hyouka/project/snitch/hw/snitch_ipu/src/snitch_ipu_pkg.sv
        /home/hyouka/project/snitch/hw/snitch_ipu/src/snitch_ipu_alu.sv
        /home/hyouka/project/snitch/hw/snitch_ipu/src/snitch_int_ss.sv
        /home/hyouka/project/snitch/hw/snitch_ssr/src/snitch_ssr_pkg.sv
        /home/hyouka/project/snitch/hw/snitch_ssr/src/snitch_ssr_switch.sv
        /home/hyouka/project/snitch/hw/snitch_ssr/src/snitch_ssr_credit_counter.sv
        /home/hyouka/project/snitch/hw/snitch_ssr/src/snitch_ssr_indirector.sv
        /home/hyouka/project/snitch/hw/snitch_ssr/src/snitch_ssr_intersector.sv
        /home/hyouka/project/snitch/hw/snitch_ssr/src/snitch_ssr_addr_gen.sv
        /home/hyouka/project/snitch/hw/snitch_ssr/src/snitch_ssr.sv
        /home/hyouka/project/snitch/hw/snitch_ssr/src/snitch_ssr_streamer.sv
        /home/hyouka/project/snitch/hw/snitch_ssr/test/fixture_ssr.sv
        /home/hyouka/project/snitch/hw/snitch_ssr/test/fixture_ssr_streamer.sv
        /home/hyouka/project/snitch/hw/snitch_ssr/test/tb_simple_ssr.sv
        /home/hyouka/project/snitch/hw/snitch_ssr/test/tb_simple_ssr_streamer.sv
        /home/hyouka/project/snitch/hw/snitch_cluster/src/snitch_amo_shim.sv
        /home/hyouka/project/snitch/hw/snitch_cluster/src/snitch_cluster_peripheral/snitch_cluster_peripheral_reg_pkg.sv
        /home/hyouka/project/snitch/hw/snitch_cluster/src/snitch_cluster_peripheral/snitch_cluster_peripheral_reg_top.sv
        /home/hyouka/project/snitch/hw/snitch_cluster/src/snitch_cluster_peripheral/snitch_cluster_peripheral.sv
        /home/hyouka/project/snitch/hw/snitch_cluster/src/snitch_fpu.sv
        /home/hyouka/project/snitch/hw/snitch_cluster/src/snitch_sequencer.sv
        /home/hyouka/project/snitch/hw/snitch_cluster/src/snitch_tcdm_interconnect.sv
        /home/hyouka/project/snitch/hw/snitch_cluster/src/snitch_barrier.sv
        /home/hyouka/project/snitch/hw/snitch_cluster/src/snitch_fp_ss.sv
        /home/hyouka/project/snitch/hw/snitch_cluster/src/snitch_shared_muldiv.sv
        /home/hyouka/project/snitch/hw/snitch_cluster/src/snitch_cc.sv
        /home/hyouka/project/snitch/hw/snitch_cluster/src/snitch_clkdiv2.sv
        /home/hyouka/project/snitch/hw/snitch_cluster/src/snitch_hive.sv
        /home/hyouka/project/snitch/hw/snitch_cluster/src/snitch_cluster.sv
        /home/hyouka/project/snitch/hw/snitch_cluster/test/snitch_tcdm_interconnect_tb.sv
        /home/hyouka/project/snitch/snitch_cluster_wrapper.sv
        /home/hyouka/project/snitch/test/tb_memory_axi.sv
        /home/hyouka/project/snitch/test/tb_memory_regbus.sv
        /home/hyouka/project/snitch/testharness.sv
        /home/hyouka/project/snitch/top_tb.sv
    -top
    top_tb


*Warning* Too many indexes: MDA instance 'mst_ports'
"/home/hyouka/project/snitch/.bender/git/checkouts/axi-748ea77f6eda1e7b/src/axi_xbar_unmuxed.sv", 305: 

*Warning* Identifier 'size_t' has multiple wildcard definitions in 'reqrsp_pkg' and 'axi_pkg'.
"/home/hyouka/project/snitch/hw/reqrsp_interface/src/reqrsp_intf.sv", 44: 

*Warning* Identifier 'size_t' has multiple wildcard definitions in 'reqrsp_pkg' and 'axi_pkg'.
"/home/hyouka/project/snitch/hw/reqrsp_interface/src/reqrsp_intf.sv", 93: 
Highest level modules:
rand_stream_mst
signal_highlighter
sim_timeout
stream_watchdog
rand_stream_slv
tb_clk_rst_gen
tc_clk_delay
cluster_level_shifter_in
cluster_level_shifter_in_clamp
cluster_level_shifter_inout
cluster_level_shifter_out
cluster_level_shifter_out_clamp
generic_memory
generic_rom
pad_functional_pd
pad_functional_pu
pulp_buffer
pulp_level_shifter_in
pulp_level_shifter_in_clamp
pulp_level_shifter_inout
pulp_level_shifter_out
pulp_level_shifter_out_clamp
pulp_power_gating
pulp_isolation_0
pulp_isolation_1
tc_pwr_level_shifter_in
tc_pwr_level_shifter_in_clamp_lo
tc_pwr_level_shifter_in_clamp_hi
tc_pwr_level_shifter_out
tc_pwr_level_shifter_out_clamp_lo
tc_pwr_level_shifter_out_clamp_hi
tc_pwr_power_gating
tc_pwr_isolation_lo
tc_pwr_isolation_hi
tb_tc_sram
pulp_clock_gating_async
cluster_clock_and2
cluster_clock_buffer
cluster_clock_inverter
cluster_clock_mux2
cluster_clock_xor2
pulp_clock_and2
pulp_clock_buffer
pulp_clock_delay
edge_propagator_tx
exp_backoff
isochronous_4phase_handshake
lfsr_8bit
lossy_valid_to_stream
mv_filter
plru_tree
serial_deglitch
STREAM_DV
unread
read
cdc_4phase
clk_int_div_static
multiaddr_decode
cb_filter
cdc_fifo_2phase
clk_mux_glitch_free
ecc_decode
ecc_encode
edge_detect
max_counter
cdc_fifo_gray_clearable
mem_to_banks
sram
clk_div
find_first_one
generic_LFSR_8bit
generic_fifo
prioarbiter
rrarbiter
clock_divider
fifo
edge_propagator
edge_propagator_rx
apb_err_slv_intf
tb_apb_regs
tb_apb_cdc
tb_apb_demux
AXI_BUS_ASYNC
AXI_BUS_ASYNC_GRAY
AXI_LITE_DV
AXI_LITE_ASYNC_GRAY
axi_atop_filter_intf
axi_cdc_dst_intf
axi_lite_cdc_dst_intf
axi_cdc_src_intf
axi_lite_cdc_src_intf
axi_lite_cut_intf
axi_delayer_intf
axi_fifo_intf
axi_id_remap_intf
axi_isolate_intf
axi_join_intf
axi_lite_demux_intf
axi_lite_dw_converter_intf
axi_lite_join_intf
axi_lite_mailbox_intf
axi_lite_mux_intf
axi_lite_regs_intf
axi_lite_to_apb_intf
axi_lite_to_axi_intf
axi_modify_address_intf
axi_rw_split
axi_serializer_intf
axi_slave_compare
axi_throttle
axi_to_detailed_mem_intf
axi_cdc_intf
axi_lite_cdc_intf
axi_demux_intf
axi_dw_converter_intf
axi_from_mem
axi_id_serialize_intf
axi_lfsr
axi_multicut_intf
axi_lite_multicut_intf
axi_to_mem_intf
axi_interleaved_xbar_intf
axi_lite_xbar_intf
axi_xbar_unmuxed_intf
axi_to_mem_banked_intf
axi_to_mem_interleaved_intf
axi_to_mem_split_intf
axi_xbar_intf
axi_xp_intf
axi_chan_compare
axi_dumper_intf
axi_sim_mem_multiport_intf
AXI_STREAM_BUS
AXI_STREAM_BUS_DV
axi_stream_cut_intf
axi_stream_dw_downsizer_intf
axi_stream_dw_upsizer_intf
axi_stream_multicut_intf
div_sqrt_mvp_wrapper
obi_rready_converter
obi_cut
obi_demux_intf
obi_err_sbr_intf
obi_sram_shim
obi_asserter
tb_obi_xbar
tb_obi_atop_resolver
apb_to_reg
apb_to_reg_intf
axi_to_reg_v2
reg_cdc
reg_cut
reg_err_slv
reg_filter_empty_writes
reg_to_apb
reg_to_mem
reg_to_tlul
reg_to_axi
reg_uniform
prim_subreg_shadow
register_file_1r_1w_test_wrap
register_file_1w_64b_multi_port_read_32b_1row
register_file_1w_multi_port_read_1row
register_file_1r_1w_all_test_wrap
register_file_1r_1w_be
register_file_1w_128b_multi_port_read_32b
register_file_1w_64b_multi_port_read_32b
register_file_1w_64b_1r_32b
register_file_1w_multi_port_read_be
register_file_1w_multi_port_read
register_file_2r_1w_asymm_test_wrap
register_file_2r_2w
register_file_3r_2w
register_file_3r_2w_be
register_file_multy_way_1w_64b_multi_port_read_32b
register_file_multi_way_1w_multi_port_read
axi_riscv_amos_wrap
MONITOR_BUS
axi_riscv_atomics_tb
axi_riscv_lrsc_tb
snitch_read_only_cache_tb
idma_axil_read
idma_axil_write
idma_legalizer_pow2_splitter
idma_tilelink_read
idma_tilelink_write
idma_backend_synth_rw_axi
idma_backend_synth_r_obi_w_axi
idma_backend_synth_r_axi_w_obi
idma_backend_synth_rw_axi_rw_axis
idma_backend_synth_r_obi_rw_init_w_axi
idma_backend_synth_r_axi_rw_init_rw_obi
idma_desc64_reg_top_intf
idma_reg32_3d_reg_top_intf
idma_reg64_2d_reg_top_intf
idma_reg64_1d_reg_top_intf
idma_reg32_3d
idma_reg64_2d
idma_reg64_1d
idma_mp_dist_midend
idma_mp_split_midend
idma_rt_midend
idma_desc64_top
dm_obi_top
tb_jtag_dmi
axi_to_reqrsp_tb
reqrsp_demux_tb
reqrsp_idempotent_tb
reqrsp_mux_tb
reqrsp_to_axi_tb
mem_wide_narrow_mux_tb
reqrsp_to_tcdm_tb
tcdm_mux_tb
snitch_l0_tlb_tb
tb_simple_ssr
tb_simple_ssr_streamer
snitch_cluster_peripheral_reg_top_intf
snitch_tcdm_interconnect_tb
top_tb

Total	0 error(s),   3 warning(s)
